build/app/intermediates/manifest_merge_blame_file/demoDebug/manifest-merger-blame-demo-debug-report.txt
1<?xml version="1.0" encoding="utf-8"?>
2<manifest xmlns:android="http://schemas.android.com/apk/res/android"
3    package="com.koma.flutterdemo"
4    android:versionCode="1"
5    android:versionName="1.0.0" >
6
7    <uses-sdk
8        android:minSdkVersion="21"
9        android:targetSdkVersion="33" />
10    <!--
11         Flutter needs it to communicate with the running application
12         to allow setting breakpoints, to provide hot reload, etc.
13    -->
14    <uses-permission android:name="android.permission.INTERNET" />
14-->src/main/AndroidManifest.xml:4:5-67
14-->src/main/AndroidManifest.xml:4:22-64
15    <uses-permission android:name="android.permission.READ_EXTERNAL_STORAGE" />
15-->[:file_picker] AndroidManifest.xml:9:5-80
15-->[:file_picker] AndroidManifest.xml:9:22-77
16
17    <queries>
17-->[:file_picker] AndroidManifest.xml:11:5-17:15
18        <intent>
18-->[:file_picker] AndroidManifest.xml:12:9-16:18
19            <action android:name="android.intent.action.GET_CONTENT" />
19-->[:file_picker] AndroidManifest.xml:13:13-72
19-->[:file_picker] AndroidManifest.xml:13:21-69
20
21            <data android:mimeType="*/*" />
21-->[:file_picker] AndroidManifest.xml:15:13-44
21-->[:file_picker] AndroidManifest.xml:15:19-41
22        </intent>
23    </queries>
24
25    <uses-permission android:name="android.permission.ACCESS_NETWORK_STATE" />
25-->[:connectivity] AndroidManifest.xml:9:5-79
25-->[:connectivity] AndroidManifest.xml:9:22-76
26
27    <permission
27-->[androidx.core:core:1.10.1] AndroidManifest.xml:22:5-24:47
28        android:name="com.koma.flutterdemo.DYNAMIC_RECEIVER_NOT_EXPORTED_PERMISSION"
28-->[androidx.core:core:1.10.1] AndroidManifest.xml:23:9-81
29        android:protectionLevel="signature" />
29-->[androidx.core:core:1.10.1] AndroidManifest.xml:24:9-44
30
31    <uses-permission android:name="com.koma.flutterdemo.DYNAMIC_RECEIVER_NOT_EXPORTED_PERMISSION" />
31-->[androidx.core:core:1.10.1] AndroidManifest.xml:26:5-97
31-->[androidx.core:core:1.10.1] AndroidManifest.xml:26:22-94
32
33    <application
34        android:allowBackup="false"
35        android:appComponentFactory="androidx.core.app.CoreComponentFactory"
35-->[androidx.core:core:1.10.1] AndroidManifest.xml:28:18-86
36        android:debuggable="true"
37        android:icon="@mipmap/ic_launcher"
38        android:label="@string/app_name"
39        android:networkSecurityConfig="@xml/network_security_config"
40        android:testOnly="false"
41        android:usesCleartextTraffic="true" >
42        <activity
43            android:name="com.koma.flutterdemo.MainActivity"
44            android:configChanges="orientation|keyboardHidden|keyboard|screenSize|smallestScreenSize|locale|layoutDirection|fontScale|screenLayout|density|uiMode"
45            android:exported="true"
46            android:hardwareAccelerated="true"
47            android:launchMode="singleTop"
48            android:theme="@style/LaunchTheme"
49            android:windowSoftInputMode="adjustResize" >
50
51            <!--
52                 Specifies an Android theme to apply to this Activity as soon as
53                 the Android process has started. This theme is visible to the user
54                 while the Flutter UI initializes. After that, this theme continues
55                 to determine the Window background behind the Flutter UI.
56            -->
57            <meta-data
58                android:name="io.flutter.embedding.android.NormalTheme"
59                android:resource="@style/NormalTheme" />
60            <!--
61                 Displays an Android View that continues showing the launch screen
62                 Drawable until Flutter paints its first frame, then this splash
63                 screen fades out. A splash screen is useful to avoid any visual
64                 gap between the end of Android's launch screen and the painting of
65                 Flutter's first frame.
66            -->
67            <meta-data
68                android:name="io.flutter.embedding.android.SplashScreenDrawable"
69                android:resource="@drawable/launch_background" />
70
71            <intent-filter>
72                <action android:name="android.intent.action.MAIN" />
73
74                <category android:name="android.intent.category.LAUNCHER" />
75            </intent-filter>
76        </activity>
77        <!--
78             Don't delete the meta-data below.
79             This is used by the Flutter tool to generate GeneratedPluginRegistrant.java
80        -->
81        <meta-data
82            android:name="flutterEmbedding"
83            android:value="2" />
84
85        <provider
85-->[:image_picker_android] AndroidManifest.xml:10:9-18:20
86            android:name="io.flutter.plugins.imagepicker.ImagePickerFileProvider"
86-->[:image_picker_android] AndroidManifest.xml:11:13-82
87            android:authorities="com.koma.flutterdemo.flutter.image_provider"
87-->[:image_picker_android] AndroidManifest.xml:12:13-74
88            android:exported="false"
88-->[:image_picker_android] AndroidManifest.xml:13:13-37
89            android:grantUriPermissions="true" >
89-->[:image_picker_android] AndroidManifest.xml:14:13-47
90            <meta-data
90-->[:image_picker_android] AndroidManifest.xml:15:13-17:75
91                android:name="android.support.FILE_PROVIDER_PATHS"
91-->[:image_picker_android] AndroidManifest.xml:16:17-67
92                android:resource="@xml/flutter_image_picker_file_paths" />
92-->[:image_picker_android] AndroidManifest.xml:17:17-72
93        </provider>
94
95        <activity
95-->[pub.devrel:easypermissions:3.0.0] AndroidManifest.xml:12:9-16:66
96            android:name="pub.devrel.easypermissions.AppSettingsDialogHolderActivity"
96-->[pub.devrel:easypermissions:3.0.0] AndroidManifest.xml:13:13-86
97            android:exported="false"
97-->[pub.devrel:easypermissions:3.0.0] AndroidManifest.xml:14:13-37
98            android:label=""
98-->[pub.devrel:easypermissions:3.0.0] AndroidManifest.xml:15:13-29
99            android:theme="@style/EasyPermissions.Transparent" />
99-->[pub.devrel:easypermissions:3.0.0] AndroidManifest.xml:16:13-63
100
101        <uses-library
101-->[androidx.window:window:1.0.0-beta04] AndroidManifest.xml:25:9-27:40
102            android:name="androidx.window.extensions"
102-->[androidx.window:window:1.0.0-beta04] AndroidManifest.xml:26:13-54
103            android:required="false" />
103-->[androidx.window:window:1.0.0-beta04] AndroidManifest.xml:27:13-37
104        <uses-library
104-->[androidx.window:window:1.0.0-beta04] AndroidManifest.xml:28:9-30:40
105            android:name="androidx.window.sidecar"
105-->[androidx.window:window:1.0.0-beta04] AndroidManifest.xml:29:13-51
106            android:required="false" />
106-->[androidx.window:window:1.0.0-beta04] AndroidManifest.xml:30:13-37
107
108        <provider
108-->[androidx.profileinstaller:profileinstaller:1.3.0] AndroidManifest.xml:24:9-32:20
109            android:name="androidx.startup.InitializationProvider"
109-->[androidx.profileinstaller:profileinstaller:1.3.0] AndroidManifest.xml:25:13-67
110            android:authorities="com.koma.flutterdemo.androidx-startup"
110-->[androidx.profileinstaller:profileinstaller:1.3.0] AndroidManifest.xml:26:13-68
111            android:exported="false" >
111-->[androidx.profileinstaller:profileinstaller:1.3.0] AndroidManifest.xml:27:13-37
112            <meta-data
112-->[androidx.profileinstaller:profileinstaller:1.3.0] AndroidManifest.xml:29:13-31:52
113                android:name="androidx.profileinstaller.ProfileInstallerInitializer"
113-->[androidx.profileinstaller:profileinstaller:1.3.0] AndroidManifest.xml:30:17-85
114                android:value="androidx.startup" />
114-->[androidx.profileinstaller:profileinstaller:1.3.0] AndroidManifest.xml:31:17-49
115        </provider>
116
117        <receiver
117-->[androidx.profileinstaller:profileinstaller:1.3.0] AndroidManifest.xml:34:9-52:20
118            android:name="androidx.profileinstaller.ProfileInstallReceiver"
118-->[androidx.profileinstaller:profileinstaller:1.3.0] AndroidManifest.xml:35:13-76
119            android:directBootAware="false"
119-->[androidx.profileinstaller:profileinstaller:1.3.0] AndroidManifest.xml:36:13-44
120            android:enabled="true"
120-->[androidx.profileinstaller:profileinstaller:1.3.0] AndroidManifest.xml:37:13-35
121            android:exported="true"
121-->[androidx.profileinstaller:profileinstaller:1.3.0] AndroidManifest.xml:38:13-36
122            android:permission="android.permission.DUMP" >
122-->[androidx.profileinstaller:profileinstaller:1.3.0] AndroidManifest.xml:39:13-57
123            <intent-filter>
123-->[androidx.profileinstaller:profileinstaller:1.3.0] AndroidManifest.xml:40:13-42:29
124                <action android:name="androidx.profileinstaller.action.INSTALL_PROFILE" />
124-->[androidx.profileinstaller:profileinstaller:1.3.0] AndroidManifest.xml:41:17-91
124-->[androidx.profileinstaller:profileinstaller:1.3.0] AndroidManifest.xml:41:25-88
125            </intent-filter>
126            <intent-filter>
126-->[androidx.profileinstaller:profileinstaller:1.3.0] AndroidManifest.xml:43:13-45:29
127                <action android:name="androidx.profileinstaller.action.SKIP_FILE" />
127-->[androidx.profileinstaller:profileinstaller:1.3.0] AndroidManifest.xml:44:17-85
127-->[androidx.profileinstaller:profileinstaller:1.3.0] AndroidManifest.xml:44:25-82
128            </intent-filter>
129            <intent-filter>
129-->[androidx.profileinstaller:profileinstaller:1.3.0] AndroidManifest.xml:46:13-48:29
130                <action android:name="androidx.profileinstaller.action.SAVE_PROFILE" />
130-->[androidx.profileinstaller:profileinstaller:1.3.0] AndroidManifest.xml:47:17-88
130-->[androidx.profileinstaller:profileinstaller:1.3.0] AndroidManifest.xml:47:25-85
131            </intent-filter>
132            <intent-filter>
132-->[androidx.profileinstaller:profileinstaller:1.3.0] AndroidManifest.xml:49:13-51:29
133                <action android:name="androidx.profileinstaller.action.BENCHMARK_OPERATION" />
133-->[androidx.profileinstaller:profileinstaller:1.3.0] AndroidManifest.xml:50:17-95
133-->[androidx.profileinstaller:profileinstaller:1.3.0] AndroidManifest.xml:50:25-92
134            </intent-filter>
135        </receiver>
136    </application>
137
138</manifest>